G:\YENI KLASöR\TWOSTARS-AKUMA-KOSERVER-FROM-HELL-78219575622E\SRC\SCRIPTING\RELEASE\LOBJECT.OBJ
G:\YENI KLASöR\TWOSTARS-AKUMA-KOSERVER-FROM-HELL-78219575622E\SRC\SCRIPTING\RELEASE\LOADLIB.OBJ
G:\YENI KLASöR\TWOSTARS-AKUMA-KOSERVER-FROM-HELL-78219575622E\SRC\SCRIPTING\RELEASE\LMEM.OBJ
G:\YENI KLASöR\TWOSTARS-AKUMA-KOSERVER-FROM-HELL-78219575622E\SRC\SCRIPTING\RELEASE\LMATHLIB.OBJ
G:\YENI KLASöR\TWOSTARS-AKUMA-KOSERVER-FROM-HELL-78219575622E\SRC\SCRIPTING\RELEASE\LLEX.OBJ
G:\YENI KLASöR\TWOSTARS-AKUMA-KOSERVER-FROM-HELL-78219575622E\SRC\SCRIPTING\RELEASE\LIOLIB.OBJ
G:\YENI KLASöR\TWOSTARS-AKUMA-KOSERVER-FROM-HELL-78219575622E\SRC\SCRIPTING\RELEASE\LINIT.OBJ
G:\YENI KLASöR\TWOSTARS-AKUMA-KOSERVER-FROM-HELL-78219575622E\SRC\SCRIPTING\RELEASE\LGC.OBJ
G:\YENI KLASöR\TWOSTARS-AKUMA-KOSERVER-FROM-HELL-78219575622E\SRC\SCRIPTING\RELEASE\LFUNC.OBJ
G:\YENI KLASöR\TWOSTARS-AKUMA-KOSERVER-FROM-HELL-78219575622E\SRC\SCRIPTING\RELEASE\LDUMP.OBJ
G:\YENI KLASöR\TWOSTARS-AKUMA-KOSERVER-FROM-HELL-78219575622E\SRC\SCRIPTING\RELEASE\LDO.OBJ
G:\YENI KLASöR\TWOSTARS-AKUMA-KOSERVER-FROM-HELL-78219575622E\SRC\SCRIPTING\RELEASE\LDEBUG.OBJ
G:\YENI KLASöR\TWOSTARS-AKUMA-KOSERVER-FROM-HELL-78219575622E\SRC\SCRIPTING\RELEASE\LDBLIB.OBJ
G:\YENI KLASöR\TWOSTARS-AKUMA-KOSERVER-FROM-HELL-78219575622E\SRC\SCRIPTING\RELEASE\LCTYPE.OBJ
G:\YENI KLASöR\TWOSTARS-AKUMA-KOSERVER-FROM-HELL-78219575622E\SRC\SCRIPTING\RELEASE\LCOROLIB.OBJ
G:\YENI KLASöR\TWOSTARS-AKUMA-KOSERVER-FROM-HELL-78219575622E\SRC\SCRIPTING\RELEASE\LCODE.OBJ
G:\YENI KLASöR\TWOSTARS-AKUMA-KOSERVER-FROM-HELL-78219575622E\SRC\SCRIPTING\RELEASE\LBITLIB.OBJ
G:\YENI KLASöR\TWOSTARS-AKUMA-KOSERVER-FROM-HELL-78219575622E\SRC\SCRIPTING\RELEASE\LBASELIB.OBJ
G:\YENI KLASöR\TWOSTARS-AKUMA-KOSERVER-FROM-HELL-78219575622E\SRC\SCRIPTING\RELEASE\LAUXLIB.OBJ
G:\YENI KLASöR\TWOSTARS-AKUMA-KOSERVER-FROM-HELL-78219575622E\SRC\SCRIPTING\RELEASE\LAPI.OBJ
G:\YENI KLASöR\TWOSTARS-AKUMA-KOSERVER-FROM-HELL-78219575622E\SRC\SCRIPTING\RELEASE\LZIO.OBJ
G:\YENI KLASöR\TWOSTARS-AKUMA-KOSERVER-FROM-HELL-78219575622E\SRC\SCRIPTING\RELEASE\LVM.OBJ
G:\YENI KLASöR\TWOSTARS-AKUMA-KOSERVER-FROM-HELL-78219575622E\SRC\SCRIPTING\RELEASE\LUNDUMP.OBJ
G:\YENI KLASöR\TWOSTARS-AKUMA-KOSERVER-FROM-HELL-78219575622E\SRC\SCRIPTING\RELEASE\LTM.OBJ
G:\YENI KLASöR\TWOSTARS-AKUMA-KOSERVER-FROM-HELL-78219575622E\SRC\SCRIPTING\RELEASE\LTABLIB.OBJ
G:\YENI KLASöR\TWOSTARS-AKUMA-KOSERVER-FROM-HELL-78219575622E\SRC\SCRIPTING\RELEASE\LTABLE.OBJ
G:\YENI KLASöR\TWOSTARS-AKUMA-KOSERVER-FROM-HELL-78219575622E\SRC\SCRIPTING\RELEASE\LSTRLIB.OBJ
G:\YENI KLASöR\TWOSTARS-AKUMA-KOSERVER-FROM-HELL-78219575622E\SRC\SCRIPTING\RELEASE\LSTRING.OBJ
G:\YENI KLASöR\TWOSTARS-AKUMA-KOSERVER-FROM-HELL-78219575622E\SRC\SCRIPTING\RELEASE\LSTATE.OBJ
G:\YENI KLASöR\TWOSTARS-AKUMA-KOSERVER-FROM-HELL-78219575622E\SRC\SCRIPTING\RELEASE\LPARSER.OBJ
G:\YENI KLASöR\TWOSTARS-AKUMA-KOSERVER-FROM-HELL-78219575622E\SRC\SCRIPTING\RELEASE\LOSLIB.OBJ
G:\YENI KLASöR\TWOSTARS-AKUMA-KOSERVER-FROM-HELL-78219575622E\SRC\SCRIPTING\RELEASE\LOPCODES.OBJ
G:\YENI KLASÖR\TWOSTARS-AKUMA-KOSERVER-FROM-HELL-78219575622E\SRC\SCRIPTING\RELEASE\VC110.PDB
G:\YENI KLASöR\TWOSTARS-AKUMA-KOSERVER-FROM-HELL-78219575622E\BIN\RELEASE\LUA.LIB
G:\Yeni klasör\twostars-akuma-koserver-from-hell-78219575622e\src\Scripting\Release\lapi.obj
G:\Yeni klasör\twostars-akuma-koserver-from-hell-78219575622e\src\Scripting\Release\lauxlib.obj
G:\Yeni klasör\twostars-akuma-koserver-from-hell-78219575622e\src\Scripting\Release\lbaselib.obj
G:\Yeni klasör\twostars-akuma-koserver-from-hell-78219575622e\src\Scripting\Release\lbitlib.obj
G:\Yeni klasör\twostars-akuma-koserver-from-hell-78219575622e\src\Scripting\Release\lcode.obj
G:\Yeni klasör\twostars-akuma-koserver-from-hell-78219575622e\src\Scripting\Release\lcorolib.obj
G:\Yeni klasör\twostars-akuma-koserver-from-hell-78219575622e\src\Scripting\Release\lctype.obj
G:\Yeni klasör\twostars-akuma-koserver-from-hell-78219575622e\src\Scripting\Release\ldblib.obj
G:\Yeni klasör\twostars-akuma-koserver-from-hell-78219575622e\src\Scripting\Release\ldebug.obj
G:\Yeni klasör\twostars-akuma-koserver-from-hell-78219575622e\src\Scripting\Release\ldo.obj
G:\Yeni klasör\twostars-akuma-koserver-from-hell-78219575622e\src\Scripting\Release\ldump.obj
G:\Yeni klasör\twostars-akuma-koserver-from-hell-78219575622e\src\Scripting\Release\lfunc.obj
G:\Yeni klasör\twostars-akuma-koserver-from-hell-78219575622e\src\Scripting\Release\lgc.obj
G:\Yeni klasör\twostars-akuma-koserver-from-hell-78219575622e\src\Scripting\Release\linit.obj
G:\Yeni klasör\twostars-akuma-koserver-from-hell-78219575622e\src\Scripting\Release\liolib.obj
G:\Yeni klasör\twostars-akuma-koserver-from-hell-78219575622e\src\Scripting\Release\llex.obj
G:\Yeni klasör\twostars-akuma-koserver-from-hell-78219575622e\src\Scripting\Release\lmathlib.obj
G:\Yeni klasör\twostars-akuma-koserver-from-hell-78219575622e\src\Scripting\Release\lmem.obj
G:\Yeni klasör\twostars-akuma-koserver-from-hell-78219575622e\src\Scripting\Release\loadlib.obj
G:\Yeni klasör\twostars-akuma-koserver-from-hell-78219575622e\src\Scripting\Release\lobject.obj
G:\Yeni klasör\twostars-akuma-koserver-from-hell-78219575622e\src\Scripting\Release\lopcodes.obj
G:\Yeni klasör\twostars-akuma-koserver-from-hell-78219575622e\src\Scripting\Release\loslib.obj
G:\Yeni klasör\twostars-akuma-koserver-from-hell-78219575622e\src\Scripting\Release\lparser.obj
G:\Yeni klasör\twostars-akuma-koserver-from-hell-78219575622e\src\Scripting\Release\lstate.obj
G:\Yeni klasör\twostars-akuma-koserver-from-hell-78219575622e\src\Scripting\Release\lstring.obj
G:\Yeni klasör\twostars-akuma-koserver-from-hell-78219575622e\src\Scripting\Release\lstrlib.obj
G:\Yeni klasör\twostars-akuma-koserver-from-hell-78219575622e\src\Scripting\Release\ltable.obj
G:\Yeni klasör\twostars-akuma-koserver-from-hell-78219575622e\src\Scripting\Release\ltablib.obj
G:\Yeni klasör\twostars-akuma-koserver-from-hell-78219575622e\src\Scripting\Release\ltm.obj
G:\Yeni klasör\twostars-akuma-koserver-from-hell-78219575622e\src\Scripting\Release\lundump.obj
G:\Yeni klasör\twostars-akuma-koserver-from-hell-78219575622e\src\Scripting\Release\lvm.obj
G:\Yeni klasör\twostars-akuma-koserver-from-hell-78219575622e\src\Scripting\Release\lzio.obj
G:\Yeni klasör\twostars-akuma-koserver-from-hell-78219575622e\src\Scripting\Release\cl.command.1.tlog
G:\Yeni klasör\twostars-akuma-koserver-from-hell-78219575622e\src\Scripting\Release\CL.read.1.tlog
G:\Yeni klasör\twostars-akuma-koserver-from-hell-78219575622e\src\Scripting\Release\CL.write.1.tlog
G:\Yeni klasör\twostars-akuma-koserver-from-hell-78219575622e\src\Scripting\Release\Lib-link.read.1.tlog
G:\Yeni klasör\twostars-akuma-koserver-from-hell-78219575622e\src\Scripting\Release\Lib-link.write.1.tlog
G:\Yeni klasör\twostars-akuma-koserver-from-hell-78219575622e\src\Scripting\Release\lib.command.1.tlog
G:\Yeni klasör\twostars-akuma-koserver-from-hell-78219575622e\src\Scripting\Release\vc110.pdb
G:\Yeni klasör\twostars-akuma-koserver-from-hell-78219575622e\src\..\bin\Release\Lua.lib
