G:\YENI KLASöR\TWOSTARS-AKUMA-KOSERVER-FROM-HELL-78219575622E\SRC\SHARED\RELEASE\TSTRING.OBJ
G:\YENI KLASöR\TWOSTARS-AKUMA-KOSERVER-FROM-HELL-78219575622E\SRC\SHARED\RELEASE\THREAD.OBJ
G:\YENI KLASöR\TWOSTARS-AKUMA-KOSERVER-FROM-HELL-78219575622E\SRC\SHARED\RELEASE\SOCKETWIN32.OBJ
G:\YENI KLASöR\TWOSTARS-AKUMA-KOSERVER-FROM-HELL-78219575622E\SRC\SHARED\RELEASE\SOCKETOPSWIN32.OBJ
G:\YENI KLASöR\TWOSTARS-AKUMA-KOSERVER-FROM-HELL-78219575622E\SRC\SHARED\RELEASE\SOCKETMGR.OBJ
G:\YENI KLASöR\TWOSTARS-AKUMA-KOSERVER-FROM-HELL-78219575622E\SRC\SHARED\RELEASE\SOCKET.OBJ
G:\YENI KLASöR\TWOSTARS-AKUMA-KOSERVER-FROM-HELL-78219575622E\SRC\SHARED\RELEASE\SIGNAL_HANDLER.OBJ
G:\YENI KLASöR\TWOSTARS-AKUMA-KOSERVER-FROM-HELL-78219575622E\SRC\SHARED\RELEASE\RWLOCK.OBJ
G:\YENI KLASöR\TWOSTARS-AKUMA-KOSERVER-FROM-HELL-78219575622E\SRC\SHARED\RELEASE\REFERENCEOBJECT.OBJ
G:\YENI KLASöR\TWOSTARS-AKUMA-KOSERVER-FROM-HELL-78219575622E\SRC\SHARED\RELEASE\KOSOCKET.OBJ
G:\YENI KLASöR\TWOSTARS-AKUMA-KOSERVER-FROM-HELL-78219575622E\SRC\SHARED\RELEASE\JVCRYPTION.OBJ
G:\YENI KLASöR\TWOSTARS-AKUMA-KOSERVER-FROM-HELL-78219575622E\SRC\SHARED\RELEASE\HARDWAREINFORMATION.OBJ
G:\YENI KLASöR\TWOSTARS-AKUMA-KOSERVER-FROM-HELL-78219575622E\SRC\SHARED\RELEASE\GLOBALS.OBJ
G:\YENI KLASöR\TWOSTARS-AKUMA-KOSERVER-FROM-HELL-78219575622E\SRC\SHARED\RELEASE\ODBCRECORDSET.OBJ
G:\YENI KLASöR\TWOSTARS-AKUMA-KOSERVER-FROM-HELL-78219575622E\SRC\SHARED\RELEASE\ODBCPARAMETER.OBJ
G:\YENI KLASöR\TWOSTARS-AKUMA-KOSERVER-FROM-HELL-78219575622E\SRC\SHARED\RELEASE\ODBCCONNECTION.OBJ
G:\YENI KLASöR\TWOSTARS-AKUMA-KOSERVER-FROM-HELL-78219575622E\SRC\SHARED\RELEASE\ODBCCOMMAND.OBJ
G:\YENI KLASöR\TWOSTARS-AKUMA-KOSERVER-FROM-HELL-78219575622E\SRC\SHARED\RELEASE\CONDITION.OBJ
G:\YENI KLASöR\TWOSTARS-AKUMA-KOSERVER-FROM-HELL-78219575622E\SRC\SHARED\RELEASE\CIRCULARBUFFER.OBJ
G:\YENI KLASÖR\TWOSTARS-AKUMA-KOSERVER-FROM-HELL-78219575622E\SRC\SHARED\RELEASE\VC110.PDB
G:\YENI KLASöR\TWOSTARS-AKUMA-KOSERVER-FROM-HELL-78219575622E\SRC\SHARED\RELEASE\LZF.OBJ
G:\YENI KLASöR\TWOSTARS-AKUMA-KOSERVER-FROM-HELL-78219575622E\SRC\SHARED\RELEASE\CRC32.OBJ
G:\Yeni klasör\twostars-akuma-koserver-from-hell-78219575622e\src\shared\Release\CircularBuffer.obj
G:\Yeni klasör\twostars-akuma-koserver-from-hell-78219575622e\src\shared\Release\Condition.obj
G:\Yeni klasör\twostars-akuma-koserver-from-hell-78219575622e\src\shared\Release\crc32.obj
G:\Yeni klasör\twostars-akuma-koserver-from-hell-78219575622e\src\shared\Release\globals.obj
G:\Yeni klasör\twostars-akuma-koserver-from-hell-78219575622e\src\shared\Release\HardwareInformation.obj
G:\Yeni klasör\twostars-akuma-koserver-from-hell-78219575622e\src\shared\Release\JvCryption.obj
G:\Yeni klasör\twostars-akuma-koserver-from-hell-78219575622e\src\shared\Release\KOSocket.obj
G:\Yeni klasör\twostars-akuma-koserver-from-hell-78219575622e\src\shared\Release\lzf.obj
G:\Yeni klasör\twostars-akuma-koserver-from-hell-78219575622e\src\shared\Release\OdbcCommand.obj
G:\Yeni klasör\twostars-akuma-koserver-from-hell-78219575622e\src\shared\Release\OdbcConnection.obj
G:\Yeni klasör\twostars-akuma-koserver-from-hell-78219575622e\src\shared\Release\OdbcParameter.obj
G:\Yeni klasör\twostars-akuma-koserver-from-hell-78219575622e\src\shared\Release\OdbcRecordset.obj
G:\Yeni klasör\twostars-akuma-koserver-from-hell-78219575622e\src\shared\Release\ReferenceObject.obj
G:\Yeni klasör\twostars-akuma-koserver-from-hell-78219575622e\src\shared\Release\RWLock.obj
G:\Yeni klasör\twostars-akuma-koserver-from-hell-78219575622e\src\shared\Release\signal_handler.obj
G:\Yeni klasör\twostars-akuma-koserver-from-hell-78219575622e\src\shared\Release\Socket.obj
G:\Yeni klasör\twostars-akuma-koserver-from-hell-78219575622e\src\shared\Release\SocketMgr.obj
G:\Yeni klasör\twostars-akuma-koserver-from-hell-78219575622e\src\shared\Release\SocketOpsWin32.obj
G:\Yeni klasör\twostars-akuma-koserver-from-hell-78219575622e\src\shared\Release\SocketWin32.obj
G:\Yeni klasör\twostars-akuma-koserver-from-hell-78219575622e\src\shared\Release\Thread.obj
G:\Yeni klasör\twostars-akuma-koserver-from-hell-78219575622e\src\shared\Release\tstring.obj
G:\Yeni klasör\twostars-akuma-koserver-from-hell-78219575622e\src\shared\Release\cl.command.1.tlog
G:\Yeni klasör\twostars-akuma-koserver-from-hell-78219575622e\src\shared\Release\CL.read.1.tlog
G:\Yeni klasör\twostars-akuma-koserver-from-hell-78219575622e\src\shared\Release\CL.write.1.tlog
G:\Yeni klasör\twostars-akuma-koserver-from-hell-78219575622e\src\shared\Release\vc110.pdb
